# JRE version: Java(TM) SE Runtime Environment (8.0_60-b27) (build 1.8.0_60-b27)
# Java VM: Java HotSpot(TM) Client VM (25.60-b23 mixed mode windows-x86 )
Heap:
 def new generation   total 314560K, used 77578K [0x04800000, 0x19d50000, 0x19d50000)
  eden space 279616K,  20% used [0x04800000, 0x07ec3838, 0x15910000)
  from space 34944K,  61% used [0x17b30000, 0x1902f3a0, 0x19d50000)
  to   space 34944K,   0% used [0x15910000, 0x15910000, 0x17b30000)
 tenured generation   total 699072K, used 649028K [0x19d50000, 0x44800000, 0x44800000)
   the space 699072K,  92% used [0x19d50000, 0x41721288, 0x41721400, 0x44800000)
 Metaspace       used 62040K, capacity 66625K, committed 66688K, reserved 66944K
GC Heap History (10 events):
Event: 6137.648 GC heap before
{Heap before GC invocations=890 (full 95):
 def new generation   total 314560K, used 281215K [0x04800000, 0x19d50000, 0x19d50000)
  eden space 279616K, 100% used [0x04800000, 0x15910000, 0x15910000)
  from space 34944K,   4% used [0x15910000, 0x15a9ff88, 0x17b30000)
  to   space 34944K,   0% used [0x17b30000, 0x17b30000, 0x19d50000)
 tenured generation   total 699072K, used 647881K [0x19d50000, 0x44800000, 0x44800000)
   the space 699072K,  92% used [0x19d50000, 0x41602778, 0x41602800, 0x44800000)
 Metaspace       used 53281K, capacity 57119K, committed 57216K, reserved 57728K
Event: 6137.658 GC heap after
Heap after GC invocations=891 (full 95):
 def new generation   total 314560K, used 2657K [0x04800000, 0x19d50000, 0x19d50000)
  eden space 279616K,   0% used [0x04800000, 0x04800000, 0x15910000)
  from space 34944K,   7% used [0x17b30000, 0x17dc8618, 0x19d50000)
  to   space 34944K,   0% used [0x15910000, 0x15910000, 0x17b30000)
 tenured generation   total 699072K, used 647881K [0x19d50000, 0x44800000, 0x44800000)
   the space 699072K,  92% used [0x19d50000, 0x41602778, 0x41602800, 0x44800000)
 Metaspace       used 53281K, capacity 57119K, committed 57216K, reserved 57728K
}
Event: 6148.167 GC heap before
{Heap before GC invocations=891 (full 95):
 def new generation   total 314560K, used 281709K [0x04800000, 0x19d50000, 0x19d50000)
  eden space 279616K,  99% used [0x04800000, 0x15883180, 0x15910000)
  from space 34944K,   7% used [0x17b30000, 0x17dc8618, 0x19d50000)
  to   space 34944K,   0% used [0x15910000, 0x15910000, 0x17b30000)
 tenured generation   total 699072K, used 647881K [0x19d50000, 0x44800000, 0x44800000)
   the space 699072K,  92% used [0x19d50000, 0x41602778, 0x41602800, 0x44800000)
 Metaspace       used 53371K, capacity 57264K, committed 57344K, reserved 57728K
Event: 6148.182 GC heap after
Heap after GC invocations=892 (full 95):
 def new generation   total 314560K, used 5833K [0x04800000, 0x19d50000, 0x19d50000)
  eden space 279616K,   0% used [0x04800000, 0x04800000, 0x15910000)
  from space 34944K,  16% used [0x15910000, 0x15ec2798, 0x17b30000)
  to   space 34944K,   0% used [0x17b30000, 0x17b30000, 0x19d50000)
 tenured generation   total 699072K, used 647881K [0x19d50000, 0x44800000, 0x44800000)
   the space 699072K,  92% used [0x19d50000, 0x41602778, 0x41602800, 0x44800000)
 Metaspace       used 53371K, capacity 57264K, committed 57344K, reserved 57728K
}
Event: 6280.576 GC heap before
{Heap before GC invocations=892 (full 95):
 def new generation   total 314560K, used 285449K [0x04800000, 0x19d50000, 0x19d50000)
  eden space 279616K, 100% used [0x04800000, 0x15910000, 0x15910000)
  from space 34944K,  16% used [0x15910000, 0x15ec2798, 0x17b30000)
  to   space 34944K,   0% used [0x17b30000, 0x17b30000, 0x19d50000)
 tenured generation   total 699072K, used 647881K [0x19d50000, 0x44800000, 0x44800000)
   the space 699072K,  92% used [0x19d50000, 0x41602778, 0x41602800, 0x44800000)
 Metaspace       used 57271K, capacity 61419K, committed 61440K, reserved 61824K
Event: 6280.604 GC heap after
Heap after GC invocations=893 (full 95):
 def new generation   total 314560K, used 13708K [0x04800000, 0x19d50000, 0x19d50000)
  eden space 279616K,   0% used [0x04800000, 0x04800000, 0x15910000)
  from space 34944K,  39% used [0x17b30000, 0x188930d0, 0x19d50000)
  to   space 34944K,   0% used [0x15910000, 0x15910000, 0x17b30000)
 tenured generation   total 699072K, used 647881K [0x19d50000, 0x44800000, 0x44800000)
   the space 699072K,  92% used [0x19d50000, 0x41602778, 0x41602800, 0x44800000)
 Metaspace       used 57271K, capacity 61419K, committed 61440K, reserved 61824K
}
Event: 6283.746 GC heap before
{Heap before GC invocations=893 (full 95):
 def new generation   total 314560K, used 293324K [0x04800000, 0x19d50000, 0x19d50000)
  eden space 279616K, 100% used [0x04800000, 0x15910000, 0x15910000)
  from space 34944K,  39% used [0x17b30000, 0x188930d0, 0x19d50000)
  to   space 34944K,   0% used [0x15910000, 0x15910000, 0x17b30000)
 tenured generation   total 699072K, used 647881K [0x19d50000, 0x44800000, 0x44800000)
   the space 699072K,  92% used [0x19d50000, 0x41602778, 0x41602800, 0x44800000)
 Metaspace       used 59194K, capacity 63582K, committed 63616K, reserved 63872K
Event: 6283.770 GC heap after
Heap after GC invocations=894 (full 95):
 def new generation   total 314560K, used 17835K [0x04800000, 0x19d50000, 0x19d50000)
  eden space 279616K,   0% used [0x04800000, 0x04800000, 0x15910000)
  from space 34944K,  51% used [0x15910000, 0x16a7ac38, 0x17b30000)
  to   space 34944K,   0% used [0x17b30000, 0x17b30000, 0x19d50000)
 tenured generation   total 699072K, used 647881K [0x19d50000, 0x44800000, 0x44800000)
   the space 699072K,  92% used [0x19d50000, 0x41602778, 0x41602800, 0x44800000)
 Metaspace       used 59194K, capacity 63582K, committed 63616K, reserved 63872K
}
Event: 6389.178 GC heap before
{Heap before GC invocations=894 (full 95):
 def new generation   total 314560K, used 297451K [0x04800000, 0x19d50000, 0x19d50000)
  eden space 279616K, 100% used [0x04800000, 0x15910000, 0x15910000)
  from space 34944K,  51% used [0x15910000, 0x16a7ac38, 0x17b30000)
  to   space 34944K,   0% used [0x17b30000, 0x17b30000, 0x19d50000)
 tenured generation   total 699072K, used 647881K [0x19d50000, 0x44800000, 0x44800000)
   the space 699072K,  92% used [0x19d50000, 0x41602778, 0x41602800, 0x44800000)
 Metaspace       used 61318K, capacity 65898K, committed 65920K, reserved 65920K
Event: 6389.236 GC heap after
Heap after GC invocations=895 (full 95):
 def new generation   total 314560K, used 21500K [0x04800000, 0x19d50000, 0x19d50000)
  eden space 279616K,   0% used [0x04800000, 0x04800000, 0x15910000)
  from space 34944K,  61% used [0x17b30000, 0x1902f3a0, 0x19d50000)
  to   space 34944K,   0% used [0x15910000, 0x15910000, 0x17b30000)
 tenured generation   total 699072K, used 649028K [0x19d50000, 0x44800000, 0x44800000)
   the space 699072K,  92% used [0x19d50000, 0x41721288, 0x41721400, 0x44800000)
 Metaspace       used 61318K, capacity 65898K, committed 65920K, reserved 65920K
}

